
X.Org X Server 1.14.5
Release Date: 2013-12-12
X Protocol Version 11, Revision 0
Build Operating System: Linux 3.2.0-37-generic x86_64 Ubuntu
Current Operating System: Linux bryan-ubuntu 3.11.0-15-generic #25-Ubuntu SMP Thu Jan 30 17:22:01 UTC 2014 x86_64
Kernel command line: BOOT_IMAGE=/boot/vmlinuz-3.11.0-15-generic root=UUID=ae2c3021-4f56-4194-b4a8-33b2ed422562 ro quiet splash vt.handoff=7
Build Date: 17 December 2013  10:06:15AM
xorg-server 2:1.14.5-1ubuntu2~saucy1 (For technical support please see http://www.ubuntu.com/support) 
Current version of pixman: 0.30.2
	Before reporting problems, check http://wiki.x.org
	to make sure that you have the latest version.
Markers: (--) probed, (**) from config file, (==) default setting,
	(++) from command line, (!!) notice, (II) informational,
	(WW) warning, (EE) error, (NI) not implemented, (??) unknown.
(==) Log file: "/var/log/Xorg.0.log", Time: Tue Feb 11 00:07:46 2014
(==) Using system config directory "/usr/share/X11/xorg.conf.d"
(==) No Layout section.  Using the first Screen section.
(==) No screen section available. Using defaults.
(**) |-->Screen "Default Screen Section" (0)
(**) |   |-->Monitor "<default monitor>"
(==) No monitor specified for screen "Default Screen Section".
	Using a default monitor configuration.
(==) Automatically adding devices
(==) Automatically enabling devices
(==) Automatically adding GPU devices
(WW) The directory "/usr/share/fonts/X11/cyrillic" does not exist.
	Entry deleted from font path.
(WW) The directory "/usr/share/fonts/X11/100dpi/" does not exist.
	Entry deleted from font path.
(WW) The directory "/usr/share/fonts/X11/75dpi/" does not exist.
	Entry deleted from font path.
(WW) The directory "/usr/share/fonts/X11/100dpi" does not exist.
	Entry deleted from font path.
(WW) The directory "/usr/share/fonts/X11/75dpi" does not exist.
	Entry deleted from font path.
(==) FontPath set to:
	/usr/share/fonts/X11/misc,
	/usr/share/fonts/X11/Type1,
	built-ins
(==) ModulePath set to "/usr/lib/x86_64-linux-gnu/xorg/extra-modules,/usr/lib/xorg/extra-modules,/usr/lib/xorg/modules"
(II) The server relies on udev to provide the list of input devices.
	If no devices become available, reconfigure udev or disable AutoAddDevices.
(II) Loader magic: 0x7f174234cd20
(II) Module ABI versions:
	X.Org ANSI C Emulation: 0.4
	X.Org Video Driver: 14.1
	X.Org XInput driver : 19.1
	X.Org Server Extension : 7.0
(II) xfree86: Adding drm device (/dev/dri/card1)
(II) xfree86: Adding drm device (/dev/dri/card0)
(--) PCI:*(0:0:2:0) 8086:0126:103c:1837 rev 9, Mem @ 0xd2000000/4194304, 0xc0000000/268435456, I/O @ 0x00004000/64
(--) PCI: (0:1:0:0) 10de:0de9:103c:1837 rev 161, Mem @ 0xd0000000/16777216, 0xa0000000/268435456, 0xb0000000/33554432, I/O @ 0x00003000/128, BIOS @ 0x????????/524288
(II) Open ACPI successful (/var/run/acpid.socket)
Initializing built-in extension Generic Event Extension
Initializing built-in extension SHAPE
Initializing built-in extension MIT-SHM
Initializing built-in extension XInputExtension
Initializing built-in extension XTEST
Initializing built-in extension BIG-REQUESTS
Initializing built-in extension SYNC
Initializing built-in extension XKEYBOARD
Initializing built-in extension XC-MISC
Initializing built-in extension SECURITY
Initializing built-in extension XINERAMA
Initializing built-in extension XFIXES
Initializing built-in extension RENDER
Initializing built-in extension RANDR
Initializing built-in extension COMPOSITE
Initializing built-in extension DAMAGE
Initializing built-in extension MIT-SCREEN-SAVER
Initializing built-in extension DOUBLE-BUFFER
Initializing built-in extension RECORD
Initializing built-in extension DPMS
Initializing built-in extension X-Resource
Initializing built-in extension XVideo
Initializing built-in extension XVideo-MotionCompensation
Initializing built-in extension SELinux
Initializing built-in extension XFree86-VidModeExtension
Initializing built-in extension XFree86-DGA
Initializing built-in extension XFree86-DRI
Initializing built-in extension DRI2
(II) "glx" will be loaded by default.
(WW) "xmir" is not to be loaded by default. Skipping.
(II) LoadModule: "dri2"
(II) Module "dri2" already built-in
(II) LoadModule: "glamoregl"
(II) Loading /usr/lib/xorg/modules/libglamoregl.so
(II) Module glamoregl: vendor="X.Org Foundation"
	compiled for 1.14.3, module version = 0.5.1
	ABI class: X.Org ANSI C Emulation, version 0.4
(II) LoadModule: "glx"
(II) Loading /usr/lib/xorg/modules/extensions/libglx.so
(II) Module glx: vendor="X.Org Foundation"
	compiled for 1.14.5, module version = 1.0.0
	ABI class: X.Org Server Extension, version 7.0
(==) AIGLX enabled
Loading extension GLX
(==) Matched intel as autoconfigured driver 0
(==) Matched nvidia as autoconfigured driver 1
(==) Matched nouveau as autoconfigured driver 2
(==) Matched intel as autoconfigured driver 3
(==) Matched vesa as autoconfigured driver 4
(==) Matched modesetting as autoconfigured driver 5
(==) Matched fbdev as autoconfigured driver 6
(==) Assigned the driver to the xf86ConfigLayout
(II) LoadModule: "intel"
(II) Loading /usr/lib/xorg/modules/drivers/intel_drv.so
(II) Module intel: vendor="X.Org Foundation"
	compiled for 1.14.5, module version = 2.99.904
	Module class: X.Org Video Driver
	ABI class: X.Org Video Driver, version 14.1
(II) LoadModule: "nvidia"
(WW) Warning, couldn't open module nvidia
(II) UnloadModule: "nvidia"
(II) Unloading nvidia
(EE) Failed to load module "nvidia" (module does not exist, 0)
(II) LoadModule: "nouveau"
(II) Loading /usr/lib/xorg/modules/drivers/nouveau_drv.so
(II) Module nouveau: vendor="X.Org Foundation"
	compiled for 1.14.2.901, module version = 1.0.9
	Module class: X.Org Video Driver
	ABI class: X.Org Video Driver, version 14.1
(II) LoadModule: "vesa"
(II) Loading /usr/lib/xorg/modules/drivers/vesa_drv.so
(II) Module vesa: vendor="X.Org Foundation"
	compiled for 1.14.1, module version = 2.3.2
	Module class: X.Org Video Driver
	ABI class: X.Org Video Driver, version 14.1
(II) LoadModule: "modesetting"
(II) Loading /usr/lib/xorg/modules/drivers/modesetting_drv.so
(II) Module modesetting: vendor="X.Org Foundation"
	compiled for 1.14.1, module version = 0.8.0
	Module class: X.Org Video Driver
	ABI class: X.Org Video Driver, version 14.1
(II) LoadModule: "fbdev"
(II) Loading /usr/lib/xorg/modules/drivers/fbdev_drv.so
(II) Module fbdev: vendor="X.Org Foundation"
	compiled for 1.14.1, module version = 0.4.3
	Module class: X.Org Video Driver
	ABI class: X.Org Video Driver, version 14.1
(==) Matched intel as autoconfigured driver 0
(==) Matched nvidia as autoconfigured driver 1
(==) Matched nouveau as autoconfigured driver 2
(==) Matched intel as autoconfigured driver 3
(==) Matched vesa as autoconfigured driver 4
(==) Matched modesetting as autoconfigured driver 5
(==) Matched fbdev as autoconfigured driver 6
(==) Assigned the driver to the xf86ConfigLayout
(II) LoadModule: "intel"
(II) Loading /usr/lib/xorg/modules/drivers/intel_drv.so
(II) Module intel: vendor="X.Org Foundation"
	compiled for 1.14.5, module version = 2.99.904
	Module class: X.Org Video Driver
	ABI class: X.Org Video Driver, version 14.1
(II) UnloadModule: "intel"
(II) Unloading intel
(II) Failed to load module "intel" (already loaded, 32535)
(II) LoadModule: "nvidia"
(WW) Warning, couldn't open module nvidia
(II) UnloadModule: "nvidia"
(II) Unloading nvidia
(EE) Failed to load module "nvidia" (module does not exist, 0)
(II) LoadModule: "nouveau"
(II) Loading /usr/lib/xorg/modules/drivers/nouveau_drv.so
(II) Module nouveau: vendor="X.Org Foundation"
	compiled for 1.14.2.901, module version = 1.0.9
	Module class: X.Org Video Driver
	ABI class: X.Org Video Driver, version 14.1
(II) UnloadModule: "nouveau"
(II) Unloading nouveau
(II) Failed to load module "nouveau" (already loaded, 0)
(II) LoadModule: "vesa"
(II) Loading /usr/lib/xorg/modules/drivers/vesa_drv.so
(II) Module vesa: vendor="X.Org Foundation"
	compiled for 1.14.1, module version = 2.3.2
	Module class: X.Org Video Driver
	ABI class: X.Org Video Driver, version 14.1
(II) UnloadModule: "vesa"
(II) Unloading vesa
(II) Failed to load module "vesa" (already loaded, 0)
(II) LoadModule: "modesetting"
(II) Loading /usr/lib/xorg/modules/drivers/modesetting_drv.so
(II) Module modesetting: vendor="X.Org Foundation"
	compiled for 1.14.1, module version = 0.8.0
	Module class: X.Org Video Driver
	ABI class: X.Org Video Driver, version 14.1
(II) UnloadModule: "modesetting"
(II) Unloading modesetting
(II) Failed to load module "modesetting" (already loaded, 0)
(II) LoadModule: "fbdev"
(II) Loading /usr/lib/xorg/modules/drivers/fbdev_drv.so
(II) Module fbdev: vendor="X.Org Foundation"
	compiled for 1.14.1, module version = 0.4.3
	Module class: X.Org Video Driver
	ABI class: X.Org Video Driver, version 14.1
(II) UnloadModule: "fbdev"
(II) Unloading fbdev
(II) Failed to load module "fbdev" (already loaded, 0)
(II) intel: Driver for Intel(R) Integrated Graphics Chipsets:
	i810, i810-dc100, i810e, i815, i830M, 845G, 854, 852GM/855GM, 865G,
	915G, E7221 (i915), 915GM, 945G, 945GM, 945GME, Pineview GM,
	Pineview G, 965G, G35, 965Q, 946GZ, 965GM, 965GME/GLE, G33, Q35, Q33,
	GM45, 4 Series, G45/G43, Q45/Q43, G41, B43, HD Graphics,
	HD Graphics 2000, HD Graphics 3000, HD Graphics 2500,
	HD Graphics 4000, HD Graphics P4000, HD Graphics 4600,
	HD Graphics 5000, HD Graphics P4600/P4700, Iris(TM) Graphics 5100,
	HD Graphics 4400, HD Graphics 4200, Iris(TM) Pro Graphics 5200
(II) NOUVEAU driver Date:   Wed Jul 31 10:51:03 2013 +1000
(II) NOUVEAU driver for NVIDIA chipset families :
	RIVA TNT        (NV04)
	RIVA TNT2       (NV05)
	GeForce 256     (NV10)
	GeForce 2       (NV11, NV15)
	GeForce 4MX     (NV17, NV18)
	GeForce 3       (NV20)
	GeForce 4Ti     (NV25, NV28)
	GeForce FX      (NV3x)
	GeForce 6       (NV4x)
	GeForce 7       (G7x)
	GeForce 8       (G8x)
	GeForce GTX 200 (NVA0)
	GeForce GTX 400 (NVC0)
(II) VESA: driver for VESA chipsets: vesa
(II) modesetting: Driver for Modesetting Kernel Drivers: kms
(II) FBDEV: driver for framebuffer: fbdev
(++) using VT number 7

(II) intel(0): SNA compiled: xserver-xorg-video-intel 2:2.99.904-0ubuntu2.1 (Robert Hooker <sarvatt@ubuntu.com>)
(II) [drm] nouveau interface version: 1.1.1
(WW) Falling back to old probe method for vesa
(WW) Falling back to old probe method for modesetting
(WW) Falling back to old probe method for fbdev
(II) Loading sub module "fbdevhw"
(II) LoadModule: "fbdevhw"
(II) Loading /usr/lib/xorg/modules/libfbdevhw.so
(II) Module fbdevhw: vendor="X.Org Foundation"
	compiled for 1.14.5, module version = 0.0.2
	ABI class: X.Org Video Driver, version 14.1
(II) intel(0): Creating default Display subsection in Screen section
	"Default Screen Section" for depth/fbbpp 24/32
(==) intel(0): Depth 24, (--) framebuffer bpp 32
(==) intel(0): RGB weight 888
(==) intel(0): Default visual is TrueColor
(--) intel(0): Integrated Graphics Chipset: Intel(R) HD Graphics 3000
(--) intel(0): CPU: x86-64, sse2, sse3, ssse3, sse4.1, sse4.2, avx
(**) intel(0): Framebuffer tiled
(**) intel(0): Pixmaps tiled
(**) intel(0): "Tear free" disabled
(**) intel(0): Forcing per-crtc-pixmaps? no
(II) intel(0): Output LVDS1 has no monitor section
(--) intel(0): found backlight control interface acpi_video1 (type 'firmware')
(II) intel(0): Output VGA1 has no monitor section
(II) intel(0): Output HDMI1 has no monitor section
(II) intel(0): Output DP1 has no monitor section
(II) intel(0): Output VIRTUAL1 has no monitor section
(--) intel(0): Output LVDS1 using initial mode 1366x768 on pipe 0
(==) intel(0): DPI set to (96, 96)
(II) Loading sub module "dri2"
(II) LoadModule: "dri2"
(II) Module "dri2" already built-in
(II) Loading sub module "dri2"
(II) LoadModule: "dri2"
(II) Module "dri2" already built-in
(--) NOUVEAU(G0): Chipset: "NVIDIA NVC1"
(==) NOUVEAU(G0): Depth 24, (--) framebuffer bpp 32
(==) NOUVEAU(G0): RGB weight 888
(==) NOUVEAU(G0): Default visual is TrueColor
(==) NOUVEAU(G0): Using HW cursor
(==) NOUVEAU(G0): GLX sync to VBlank enabled.
(==) NOUVEAU(G0): Page flipping enabled
(==) NOUVEAU(G0): Swap limit set to 2 [Max allowed 2]
(II) NOUVEAU(G0): Output VGA-2 has no monitor section
(II) NOUVEAU(G0): EDID for output VGA-2
(II) NOUVEAU(G0): Printing probed modes for output VGA-2
(II) NOUVEAU(G0): Modeline "1024x768"x60.0   65.00  1024 1048 1184 1344  768 771 777 806 -hsync -vsync (48.4 kHz e)
(II) NOUVEAU(G0): Modeline "800x600"x60.3   40.00  800 840 968 1056  600 601 605 628 +hsync +vsync (37.9 kHz e)
(II) NOUVEAU(G0): Modeline "800x600"x56.2   36.00  800 824 896 1024  600 601 603 625 +hsync +vsync (35.2 kHz e)
(II) NOUVEAU(G0): Modeline "848x480"x60.0   33.75  848 864 976 1088  480 486 494 517 +hsync +vsync (31.0 kHz e)
(II) NOUVEAU(G0): Modeline "640x480"x59.9   25.18  640 656 752 800  480 489 492 525 -hsync -vsync (31.5 kHz e)
(II) NOUVEAU(G0): Using default gamma of (1.0, 1.0, 1.0) unless otherwise stated.
(--) NOUVEAU(G0): Virtual size is 1024x768 (pitch 0)
(**) NOUVEAU(G0):  Driver mode "1024x768": 65.0 MHz (scaled from 0.0 MHz), 48.4 kHz, 60.0 Hz
(II) NOUVEAU(G0): Modeline "1024x768"x60.0   65.00  1024 1048 1184 1344  768 771 777 806 -hsync -vsync (48.4 kHz e)
(**) NOUVEAU(G0):  Driver mode "800x600": 40.0 MHz (scaled from 0.0 MHz), 37.9 kHz, 60.3 Hz
(II) NOUVEAU(G0): Modeline "800x600"x60.3   40.00  800 840 968 1056  600 601 605 628 +hsync +vsync (37.9 kHz e)
(**) NOUVEAU(G0):  Driver mode "800x600": 36.0 MHz (scaled from 0.0 MHz), 35.2 kHz, 56.2 Hz
(II) NOUVEAU(G0): Modeline "800x600"x56.2   36.00  800 824 896 1024  600 601 603 625 +hsync +vsync (35.2 kHz e)
(**) NOUVEAU(G0):  Driver mode "848x480": 33.8 MHz (scaled from 0.0 MHz), 31.0 kHz, 60.0 Hz
(II) NOUVEAU(G0): Modeline "848x480"x60.0   33.75  848 864 976 1088  480 486 494 517 +hsync +vsync (31.0 kHz e)
(**) NOUVEAU(G0):  Driver mode "640x480": 25.2 MHz (scaled from 0.0 MHz), 31.5 kHz, 59.9 Hz
(II) NOUVEAU(G0): Modeline "640x480"x59.9   25.18  640 656 752 800  480 489 492 525 -hsync -vsync (31.5 kHz e)
(==) NOUVEAU(G0): DPI set to (96, 96)
(II) Loading sub module "fb"
(II) LoadModule: "fb"
(II) Loading /usr/lib/xorg/modules/libfb.so
(II) Module fb: vendor="X.Org Foundation"
	compiled for 1.14.5, module version = 1.0.0
	ABI class: X.Org ANSI C Emulation, version 0.4
(II) Loading sub module "exa"
(II) LoadModule: "exa"
(II) Loading /usr/lib/xorg/modules/libexa.so
(II) Module exa: vendor="X.Org Foundation"
	compiled for 1.14.5, module version = 2.6.0
	ABI class: X.Org Video Driver, version 14.1
(II) Loading sub module "shadowfb"
(II) LoadModule: "shadowfb"
(II) Loading /usr/lib/xorg/modules/libshadowfb.so
(II) Module shadowfb: vendor="X.Org Foundation"
	compiled for 1.14.5, module version = 1.0.0
	ABI class: X.Org ANSI C Emulation, version 0.4
(II) UnloadModule: "vesa"
(II) Unloading vesa
(II) UnloadModule: "modesetting"
(II) Unloading modesetting
(II) UnloadModule: "fbdev"
(II) Unloading fbdev
(II) UnloadSubModule: "fbdevhw"
(II) Unloading fbdevhw
(==) Depth 24 pixmap format is 32 bpp
(II) NOUVEAU(G0): Opened GPU channel 0
(II) NOUVEAU(G0): [DRI2] Setup complete
(II) NOUVEAU(G0): [DRI2]   DRI driver: nouveau
(II) NOUVEAU(G0): [DRI2]   VDPAU driver: nouveau
(II) EXA(256): Driver allocated offscreen pixmaps
(II) EXA(256): Driver registered support for the following operations:
(II)         Solid
(II)         Copy
(II)         Composite (RENDER acceleration)
(II)         UploadToScreen
(II)         DownloadFromScreen
(==) NOUVEAU(G0): Backing store disabled
(==) NOUVEAU(G0): Silken mouse enabled
(II) NOUVEAU(G0): [XvMC] Associated with Nouveau GeForce 8/9 Textured Video.
(EE) NOUVEAU(G0): [XvMC] Failed to initialize extension.
(==) NOUVEAU(G0): DPMS enabled
(II) NOUVEAU(G0): RandR 1.2 enabled, ignore the following RandR disabled message.
(II) intel(0): SNA initialized with Sandybridge (gen6, gt2) backend
(==) intel(0): Backing store disabled
(==) intel(0): Silken mouse enabled
(II) intel(0): HW Cursor enabled
(II) intel(0): RandR 1.2 enabled, ignore the following RandR disabled message.
(==) intel(0): DPMS enabled
(II) intel(0): [DRI2] Setup complete
(II) intel(0): [DRI2]   DRI driver: i965
(II) intel(0): direct rendering: DRI2 Enabled
(==) intel(0): hotplug detection: "enabled"
(--) RandR disabled
(II) SELinux: Disabled on system
(II) AIGLX: enabled GLX_MESA_copy_sub_buffer
(II) AIGLX: enabled GLX_INTEL_swap_event
(II) AIGLX: enabled GLX_ARB_create_context
(II) AIGLX: enabled GLX_ARB_create_context_profile
(II) AIGLX: enabled GLX_EXT_create_context_es2_profile
(II) AIGLX: enabled GLX_SGI_swap_control and GLX_MESA_swap_control
(II) AIGLX: GLX_EXT_texture_from_pixmap backed by buffer objects
(II) AIGLX: Loaded and initialized i965
(II) GLX: Initialized DRI2 GL provider for screen 0
(II) NOUVEAU(G0): NVEnterVT is called.
(II) intel(0): switch to mode 1366x768@60.0 on pipe 0 using LVDS1, position (0, 0), rotation normal
(II) intel(0): Setting screen physical size to 361 x 203
(II) XKB: reuse xkmfile /var/lib/xkb/server-B20D7FC79C7F597315E3E501AEF10E0D866E8E92.xkm
(II) config/udev: Adding input device Power Button (/dev/input/event2)
(**) Power Button: Applying InputClass "evdev keyboard catchall"
(II) LoadModule: "evdev"
(II) Loading /usr/lib/xorg/modules/input/evdev_drv.so
(II) Module evdev: vendor="X.Org Foundation"
	compiled for 1.14.1, module version = 2.7.3
	Module class: X.Org XInput Driver
	ABI class: X.Org XInput driver, version 19.1
(II) Using input driver 'evdev' for 'Power Button'
(**) Power Button: always reports core events
(**) evdev: Power Button: Device: "/dev/input/event2"
(--) evdev: Power Button: Vendor 0 Product 0x1
(--) evdev: Power Button: Found keys
(II) evdev: Power Button: Configuring as keyboard
(**) Option "config_info" "udev:/sys/devices/LNXSYSTM:00/LNXPWRBN:00/input/input2/event2"
(II) XINPUT: Adding extended input device "Power Button" (type: KEYBOARD, id 6)
(**) Option "xkb_rules" "evdev"
(**) Option "xkb_model" "pc105"
(**) Option "xkb_layout" "us"
(II) config/udev: Adding input device Video Bus (/dev/input/event6)
(**) Video Bus: Applying InputClass "evdev keyboard catchall"
(II) Using input driver 'evdev' for 'Video Bus'
(**) Video Bus: always reports core events
(**) evdev: Video Bus: Device: "/dev/input/event6"
(--) evdev: Video Bus: Vendor 0 Product 0x6
(--) evdev: Video Bus: Found keys
(II) evdev: Video Bus: Configuring as keyboard
(**) Option "config_info" "udev:/sys/devices/LNXSYSTM:00/device:00/PNP0A08:00/LNXVIDEO:01/input/input6/event6"
(II) XINPUT: Adding extended input device "Video Bus" (type: KEYBOARD, id 7)
(**) Option "xkb_rules" "evdev"
(**) Option "xkb_model" "pc105"
(**) Option "xkb_layout" "us"
(II) config/udev: Adding input device Lid Switch (/dev/input/event0)
(II) No input driver specified, ignoring this device.
(II) This device may have been added with another device file.
(II) config/udev: Adding input device Video Bus (/dev/input/event5)
(**) Video Bus: Applying InputClass "evdev keyboard catchall"
(II) Using input driver 'evdev' for 'Video Bus'
(**) Video Bus: always reports core events
(**) evdev: Video Bus: Device: "/dev/input/event5"
(--) evdev: Video Bus: Vendor 0 Product 0x6
(--) evdev: Video Bus: Found keys
(II) evdev: Video Bus: Configuring as keyboard
(**) Option "config_info" "udev:/sys/devices/LNXSYSTM:00/device:00/PNP0A08:00/device:38/LNXVIDEO:00/input/input5/event5"
(II) XINPUT: Adding extended input device "Video Bus" (type: KEYBOARD, id 8)
(**) Option "xkb_rules" "evdev"
(**) Option "xkb_model" "pc105"
(**) Option "xkb_layout" "us"
(II) config/udev: Adding input device Power Button (/dev/input/event1)
(**) Power Button: Applying InputClass "evdev keyboard catchall"
(II) Using input driver 'evdev' for 'Power Button'
(**) Power Button: always reports core events
(**) evdev: Power Button: Device: "/dev/input/event1"
(--) evdev: Power Button: Vendor 0 Product 0x1
(--) evdev: Power Button: Found keys
(II) evdev: Power Button: Configuring as keyboard
(**) Option "config_info" "udev:/sys/devices/LNXSYSTM:00/device:00/PNP0C0C:00/input/input1/event1"
(II) XINPUT: Adding extended input device "Power Button" (type: KEYBOARD, id 9)
(**) Option "xkb_rules" "evdev"
(**) Option "xkb_model" "pc105"
(**) Option "xkb_layout" "us"
(II) config/udev: Adding drm device (/dev/dri/card1)
(II) config/udev: Ignoring already known drm device (/dev/dri/card1)
(II) config/udev: Adding drm device (/dev/dri/card0)
(II) config/udev: Ignoring already known drm device (/dev/dri/card0)
(II) config/udev: Adding input device HP Truevision HD (/dev/input/event4)
(**) HP Truevision HD: Applying InputClass "evdev keyboard catchall"
(II) Using input driver 'evdev' for 'HP Truevision HD'
(**) HP Truevision HD: always reports core events
(**) evdev: HP Truevision HD: Device: "/dev/input/event4"
(--) evdev: HP Truevision HD: Vendor 0x4f2 Product 0xb2f8
(--) evdev: HP Truevision HD: Found keys
(II) evdev: HP Truevision HD: Configuring as keyboard
(**) Option "config_info" "udev:/sys/devices/pci0000:00/0000:00:1a.0/usb1/1-1/1-1.6/1-1.6:1.0/input/input4/event4"
(II) XINPUT: Adding extended input device "HP Truevision HD" (type: KEYBOARD, id 10)
(**) Option "xkb_rules" "evdev"
(**) Option "xkb_model" "pc105"
(**) Option "xkb_layout" "us"
(II) config/udev: Adding input device HDA Intel PCH HDMI/DP,pcm=3 (/dev/input/event7)
(II) No input driver specified, ignoring this device.
(II) This device may have been added with another device file.
(II) config/udev: Adding input device HDA Intel PCH Headphone (/dev/input/event8)
(II) No input driver specified, ignoring this device.
(II) This device may have been added with another device file.
(II) config/udev: Adding input device HDA Intel PCH Mic (/dev/input/event9)
(II) No input driver specified, ignoring this device.
(II) This device may have been added with another device file.
(II) config/udev: Adding input device AT Translated Set 2 keyboard (/dev/input/event3)
(**) AT Translated Set 2 keyboard: Applying InputClass "evdev keyboard catchall"
(II) Using input driver 'evdev' for 'AT Translated Set 2 keyboard'
(**) AT Translated Set 2 keyboard: always reports core events
(**) evdev: AT Translated Set 2 keyboard: Device: "/dev/input/event3"
(--) evdev: AT Translated Set 2 keyboard: Vendor 0x1 Product 0x1
(--) evdev: AT Translated Set 2 keyboard: Found keys
(II) evdev: AT Translated Set 2 keyboard: Configuring as keyboard
(**) Option "config_info" "udev:/sys/devices/platform/i8042/serio0/input/input3/event3"
(II) XINPUT: Adding extended input device "AT Translated Set 2 keyboard" (type: KEYBOARD, id 11)
(**) Option "xkb_rules" "evdev"
(**) Option "xkb_model" "pc105"
(**) Option "xkb_layout" "us"
(II) config/udev: Adding input device SynPS/2 Synaptics TouchPad (/dev/input/event10)
(**) SynPS/2 Synaptics TouchPad: Applying InputClass "evdev touchpad catchall"
(**) SynPS/2 Synaptics TouchPad: Applying InputClass "touchpad catchall"
(**) SynPS/2 Synaptics TouchPad: Applying InputClass "Default clickpad buttons"
(II) LoadModule: "synaptics"
(II) Loading /usr/lib/xorg/modules/input/synaptics_drv.so
(II) Module synaptics: vendor="X.Org Foundation"
	compiled for 1.14.2, module version = 1.7.1
	Module class: X.Org XInput Driver
	ABI class: X.Org XInput driver, version 19.1
(II) Using input driver 'synaptics' for 'SynPS/2 Synaptics TouchPad'
(**) SynPS/2 Synaptics TouchPad: always reports core events
(**) Option "Device" "/dev/input/event10"
(--) synaptics: SynPS/2 Synaptics TouchPad: x-axis range 1472 - 5702 (res 51)
(--) synaptics: SynPS/2 Synaptics TouchPad: y-axis range 1408 - 4926 (res 106)
(--) synaptics: SynPS/2 Synaptics TouchPad: pressure range 0 - 255
(--) synaptics: SynPS/2 Synaptics TouchPad: finger width range 0 - 15
(--) synaptics: SynPS/2 Synaptics TouchPad: buttons: left right double triple
(--) synaptics: SynPS/2 Synaptics TouchPad: Vendor 0x2 Product 0x7
(--) synaptics: SynPS/2 Synaptics TouchPad: touchpad found
(**) SynPS/2 Synaptics TouchPad: always reports core events
(**) Option "config_info" "udev:/sys/devices/platform/i8042/serio1/input/input10/event10"
(II) XINPUT: Adding extended input device "SynPS/2 Synaptics TouchPad" (type: TOUCHPAD, id 12)
(**) synaptics: SynPS/2 Synaptics TouchPad: (accel) MinSpeed is now constant deceleration 2.5
(**) synaptics: SynPS/2 Synaptics TouchPad: (accel) MaxSpeed is now 1.75
(**) synaptics: SynPS/2 Synaptics TouchPad: (accel) AccelFactor is now 0.036
(**) SynPS/2 Synaptics TouchPad: (accel) keeping acceleration scheme 1
(**) SynPS/2 Synaptics TouchPad: (accel) acceleration profile 1
(**) SynPS/2 Synaptics TouchPad: (accel) acceleration factor: 2.000
(**) SynPS/2 Synaptics TouchPad: (accel) acceleration threshold: 4
(--) synaptics: SynPS/2 Synaptics TouchPad: touchpad found
(II) config/udev: Adding input device SynPS/2 Synaptics TouchPad (/dev/input/mouse0)
(**) SynPS/2 Synaptics TouchPad: Ignoring device from InputClass "touchpad ignore duplicates"
(II) config/udev: Adding input device HP WMI hotkeys (/dev/input/event11)
(**) HP WMI hotkeys: Applying InputClass "evdev keyboard catchall"
(II) Using input driver 'evdev' for 'HP WMI hotkeys'
(**) HP WMI hotkeys: always reports core events
(**) evdev: HP WMI hotkeys: Device: "/dev/input/event11"
(--) evdev: HP WMI hotkeys: Vendor 0 Product 0
(--) evdev: HP WMI hotkeys: Found keys
(II) evdev: HP WMI hotkeys: Configuring as keyboard
(**) Option "config_info" "udev:/sys/devices/virtual/input/input11/event11"
(II) XINPUT: Adding extended input device "HP WMI hotkeys" (type: KEYBOARD, id 13)
(**) Option "xkb_rules" "evdev"
(**) Option "xkb_model" "pc105"
(**) Option "xkb_layout" "us"
reporting 5 6 6 44
reporting 5 6 6 44
(II) intel(0): EDID vendor "LGD", prod id 831
(II) intel(0): Printing DDC gathered Modelines:
(II) intel(0): Modeline "1366x768"x0.0   72.30  1366 1414 1446 1526  768 771 776 790 -hsync -vsync (47.4 kHz eP)
(II) intel(0): Modeline "1366x768"x0.0   48.20  1366 1414 1446 1526  768 771 776 790 -hsync -vsync (31.6 kHz e)
(II) intel(0): EDID vendor "LGD", prod id 831
(II) intel(0): Printing DDC gathered Modelines:
(II) intel(0): Modeline "1366x768"x0.0   72.30  1366 1414 1446 1526  768 771 776 790 -hsync -vsync (47.4 kHz eP)
(II) intel(0): Modeline "1366x768"x0.0   48.20  1366 1414 1446 1526  768 771 776 790 -hsync -vsync (31.6 kHz e)
reporting 5 6 13 97
(II) intel(0): resizing framebuffer to 2390x768
(II) intel(0): switch to mode 1366x768@60.0 on pipe 0 using LVDS1, position (0, 0), rotation normal
have a master to look out for
adjust shatters 0 2390
need to create shared pixmap 1reporting 5 6 13 97
reporting 5 6 13 97
reporting 5 6 13 97
reporting 5 6 13 97
reporting 5 6 13 97
reporting 5 6 13 97
reporting 5 6 13 97
reporting 5 6 13 97
reporting 5 6 13 97
reporting 5 6 13 97
reporting 5 6 13 97
reporting 5 6 13 97
reporting 5 6 13 97
reporting 5 6 13 97
(II) intel(0): EDID vendor "LGD", prod id 831
(II) intel(0): Printing DDC gathered Modelines:
(II) intel(0): Modeline "1366x768"x0.0   72.30  1366 1414 1446 1526  768 771 776 790 -hsync -vsync (47.4 kHz eP)
(II) intel(0): Modeline "1366x768"x0.0   48.20  1366 1414 1446 1526  768 771 776 790 -hsync -vsync (31.6 kHz e)
(II) intel(0): EDID vendor "LGD", prod id 831
(II) intel(0): Printing DDC gathered Modelines:
(II) intel(0): Modeline "1366x768"x0.0   72.30  1366 1414 1446 1526  768 771 776 790 -hsync -vsync (47.4 kHz eP)
(II) intel(0): Modeline "1366x768"x0.0   48.20  1366 1414 1446 1526  768 771 776 790 -hsync -vsync (31.6 kHz e)
reporting 5 6 13 97
reporting 5 6 13 97
reporting 5 6 13 97
reporting 5 6 13 97
reporting 5 6 13 97
reporting 5 6 13 97
reporting 5 6 13 97
reporting 5 6 13 97
reporting 5 6 13 97
reporting 5 6 13 97
(II) intel(0): EDID vendor "LGD", prod id 831
(II) intel(0): Printing DDC gathered Modelines:
(II) intel(0): Modeline "1366x768"x0.0   72.30  1366 1414 1446 1526  768 771 776 790 -hsync -vsync (47.4 kHz eP)
(II) intel(0): Modeline "1366x768"x0.0   48.20  1366 1414 1446 1526  768 771 776 790 -hsync -vsync (31.6 kHz e)
(II) intel(0): EDID vendor "LGD", prod id 831
(II) intel(0): Printing DDC gathered Modelines:
(II) intel(0): Modeline "1366x768"x0.0   72.30  1366 1414 1446 1526  768 771 776 790 -hsync -vsync (47.4 kHz eP)
(II) intel(0): Modeline "1366x768"x0.0   48.20  1366 1414 1446 1526  768 771 776 790 -hsync -vsync (31.6 kHz e)
reporting 5 6 13 97
reporting 5 6 13 97
have a master to look out for
(II) intel(0): resizing framebuffer to 1366x768
(II) intel(0): switch to mode 1366x768@60.0 on pipe 0 using LVDS1, position (0, 0), rotation normal
need to create shared pixmap 1reporting 5 6 13 97
reporting 5 6 13 97
reporting 5 6 13 97
(II) XKB: reuse xkmfile /var/lib/xkb/server-B20D7FC79C7F597315E3E501AEF10E0D866E8E92.xkm
reporting 5 6 13 97
reporting 5 6 13 97
reporting 5 6 13 97
reporting 5 6 13 97
reporting 5 6 13 97
reporting 5 6 13 97
reporting 5 6 13 97
reporting 5 6 13 97
(II) intel(0): EDID vendor "LGD", prod id 831
(II) intel(0): Printing DDC gathered Modelines:
(II) intel(0): Modeline "1366x768"x0.0   72.30  1366 1414 1446 1526  768 771 776 790 -hsync -vsync (47.4 kHz eP)
(II) intel(0): Modeline "1366x768"x0.0   48.20  1366 1414 1446 1526  768 771 776 790 -hsync -vsync (31.6 kHz e)
(II) intel(0): EDID vendor "LGD", prod id 831
(II) intel(0): Printing DDC gathered Modelines:
(II) intel(0): Modeline "1366x768"x0.0   72.30  1366 1414 1446 1526  768 771 776 790 -hsync -vsync (47.4 kHz eP)
(II) intel(0): Modeline "1366x768"x0.0   48.20  1366 1414 1446 1526  768 771 776 790 -hsync -vsync (31.6 kHz e)
reporting 5 6 13 97
reporting 5 6 13 97
reporting 5 6 13 97
reporting 5 6 13 97
reporting 5 6 13 97
reporting 5 6 13 97
reporting 5 6 13 97
reporting 5 6 13 97
reporting 5 6 13 97
(II) XKB: reuse xkmfile /var/lib/xkb/server-B20D7FC79C7F597315E3E501AEF10E0D866E8E92.xkm
(II) XKB: reuse xkmfile /var/lib/xkb/server-B20D7FC79C7F597315E3E501AEF10E0D866E8E92.xkm
(II) intel(0): EDID vendor "LGD", prod id 831
(II) intel(0): Printing DDC gathered Modelines:
(II) intel(0): Modeline "1366x768"x0.0   72.30  1366 1414 1446 1526  768 771 776 790 -hsync -vsync (47.4 kHz eP)
(II) intel(0): Modeline "1366x768"x0.0   48.20  1366 1414 1446 1526  768 771 776 790 -hsync -vsync (31.6 kHz e)
(II) intel(0): EDID vendor "LGD", prod id 831
(II) intel(0): Printing DDC gathered Modelines:
(II) intel(0): Modeline "1366x768"x0.0   72.30  1366 1414 1446 1526  768 771 776 790 -hsync -vsync (47.4 kHz eP)
(II) intel(0): Modeline "1366x768"x0.0   48.20  1366 1414 1446 1526  768 771 776 790 -hsync -vsync (31.6 kHz e)
reporting 5 6 13 97
reporting 5 6 13 97
(II) intel(0): EDID vendor "LGD", prod id 831
(II) intel(0): Printing DDC gathered Modelines:
(II) intel(0): Modeline "1366x768"x0.0   72.30  1366 1414 1446 1526  768 771 776 790 -hsync -vsync (47.4 kHz eP)
(II) intel(0): Modeline "1366x768"x0.0   48.20  1366 1414 1446 1526  768 771 776 790 -hsync -vsync (31.6 kHz e)
reporting 5 6 13 97
reporting 5 6 13 97
(II) intel(0): EDID vendor "LGD", prod id 831
(II) intel(0): Printing DDC gathered Modelines:
(II) intel(0): Modeline "1366x768"x0.0   72.30  1366 1414 1446 1526  768 771 776 790 -hsync -vsync (47.4 kHz eP)
(II) intel(0): Modeline "1366x768"x0.0   48.20  1366 1414 1446 1526  768 771 776 790 -hsync -vsync (31.6 kHz e)
reporting 5 6 13 97
reporting 5 6 13 97
reporting 5 6 13 97
(II) XKB: reuse xkmfile /var/lib/xkb/server-CB537B66032B0DBE0AE956F537017A59DB020654.xkm
reporting 5 6 13 97
reporting 5 6 13 97
reporting 5 6 13 97
reporting 5 6 13 97
(II) intel(0): EDID vendor "LGD", prod id 831
(II) intel(0): Printing DDC gathered Modelines:
(II) intel(0): Modeline "1366x768"x0.0   72.30  1366 1414 1446 1526  768 771 776 790 -hsync -vsync (47.4 kHz eP)
(II) intel(0): Modeline "1366x768"x0.0   48.20  1366 1414 1446 1526  768 771 776 790 -hsync -vsync (31.6 kHz e)
(II) intel(0): EDID vendor "LGD", prod id 831
(II) intel(0): Printing DDC gathered Modelines:
(II) intel(0): Modeline "1366x768"x0.0   72.30  1366 1414 1446 1526  768 771 776 790 -hsync -vsync (47.4 kHz eP)
(II) intel(0): Modeline "1366x768"x0.0   48.20  1366 1414 1446 1526  768 771 776 790 -hsync -vsync (31.6 kHz e)
reporting 5 6 13 97
reporting 5 6 13 97
reporting 5 6 13 97
(II) intel(0): EDID vendor "LGD", prod id 831
(II) intel(0): Printing DDC gathered Modelines:
(II) intel(0): Modeline "1366x768"x0.0   72.30  1366 1414 1446 1526  768 771 776 790 -hsync -vsync (47.4 kHz eP)
(II) intel(0): Modeline "1366x768"x0.0   48.20  1366 1414 1446 1526  768 771 776 790 -hsync -vsync (31.6 kHz e)
(II) intel(0): EDID vendor "LGD", prod id 831
(II) intel(0): Printing DDC gathered Modelines:
(II) intel(0): Modeline "1366x768"x0.0   72.30  1366 1414 1446 1526  768 771 776 790 -hsync -vsync (47.4 kHz eP)
(II) intel(0): Modeline "1366x768"x0.0   48.20  1366 1414 1446 1526  768 771 776 790 -hsync -vsync (31.6 kHz e)
reporting 5 6 13 97
reporting 5 6 13 97
reporting 5 6 13 97
(II) intel(0): EDID vendor "LGD", prod id 831
(II) intel(0): Printing DDC gathered Modelines:
(II) intel(0): Modeline "1366x768"x0.0   72.30  1366 1414 1446 1526  768 771 776 790 -hsync -vsync (47.4 kHz eP)
(II) intel(0): Modeline "1366x768"x0.0   48.20  1366 1414 1446 1526  768 771 776 790 -hsync -vsync (31.6 kHz e)
(II) intel(0): EDID vendor "LGD", prod id 831
(II) intel(0): Printing DDC gathered Modelines:
(II) intel(0): Modeline "1366x768"x0.0   72.30  1366 1414 1446 1526  768 771 776 790 -hsync -vsync (47.4 kHz eP)
(II) intel(0): Modeline "1366x768"x0.0   48.20  1366 1414 1446 1526  768 771 776 790 -hsync -vsync (31.6 kHz e)
reporting 5 6 13 97
